{"name": "test_products_group", "status": "skipped", "statusDetails": {"message": "XFAIL Wait for fix bug\n\nselenium.common.exceptions.ElementClickInterceptedException: Message: element click intercepted: Element <a href=\"https://test.qa.studio?products_group=sale\" class=\"tab-sale \">...</a> is not clickable at point (549, 520). Other element would receive the click: <div class=\"catalog-toolbar-tabs__content\">...</div>\n  (Session info: chrome=106.0.5249.119)\nStacktrace:\n0   chromedriver                        0x000000010137d598 chromedriver + 4404632\n1   chromedriver                        0x0000000101304fa3 chromedriver + 3911587\n2   chromedriver                        0x0000000100fb1e6a chromedriver + 425578\n3   chromedriver                        0x0000000100ff1644 chromedriver + 685636\n4   chromedriver                        0x0000000100fef0af chromedriver + 676015\n5   chromedriver                        0x0000000100fec6a4 chromedriver + 665252\n6   chromedriver                        0x0000000100feb3af chromedriver + 660399\n7   chromedriver                        0x0000000100fdec51 chromedriver + 609361\n8   chromedriver                        0x0000000101007da2 chromedriver + 777634\n9   chromedriver                        0x0000000100fde465 chromedriver + 607333\n10  chromedriver                        0x0000000101007efe chromedriver + 777982\n11  chromedriver                        0x000000010101ef79 chromedriver + 872313\n12  chromedriver                        0x0000000101007bd3 chromedriver + 777171\n13  chromedriver                        0x0000000100fdcced chromedriver + 601325\n14  chromedriver                        0x0000000100fdde51 chromedriver + 605777\n15  chromedriver                        0x000000010134d0ce chromedriver + 4206798\n16  chromedriver                        0x0000000101351797 chromedriver + 4224919\n17  chromedriver                        0x0000000101358a4f chromedriver + 4254287\n18  chromedriver                        0x00000001013524da chromedriver + 4228314\n19  chromedriver                        0x000000010132b23f chromedriver + 4067903\n20  chromedriver                        0x000000010136f6a8 chromedriver + 4347560\n21  chromedriver                        0x000000010136f816 chromedriver + 4347926\n22  chromedriver                        0x00000001013848fe chromedriver + 4434174\n23  libsystem_pthread.dylib             0x00007ff81d27f4e1 _pthread_start + 125\n24  libsystem_pthread.dylib             0x00007ff81d27af6b thread_start + 15", "trace": "test_shop.py:47: in test_products_group\n    element.click()\n        browser    = <selenium.webdriver.chrome.webdriver.WebDriver (session=\"12dd085853c5dd2691c3da64d8caae28\")>\n        element    = <selenium.webdriver.remote.webelement.WebElement (session=\"12dd085853c5dd2691c3da64d8caae28\", element=\"61df1e65-197f-4c29-b49d-0c7238cfeda2\")>\n        elements   = [<selenium.webdriver.remote.webelement.WebElement (session=\"12dd085853c5dd2691c3da64d8caae28\", element=\"53535e07-abe7-...te.webelement.WebElement (session=\"12dd085853c5dd2691c3da64d8caae28\", element=\"3c6fc8a6-be88-4b92-96a1-fe8743b4d62d\")>]\n        expected_menu = [('Все', '', \"[class='tab-all active']\"), ('Бестселлеры', '/?products_group=best_sellers', \"[class='tab-best_sellers '... '/?products_group=new', \"[class='tab-new ']\"), ('Распродажа товаров', '/?products_group=sale', \"[class='tab-sale ']\")]\n        item       = ('Распродажа товаров', '/?products_group=sale', \"[class='tab-sale ']\")\n        menu_element = \"[class='catalog-toolbar-tabs__content'] a\"\n/Library/Frameworks/Python.framework/Versions/3.10/lib/python3.10/site-packages/selenium/webdriver/remote/webelement.py:88: in click\n    self._execute(Command.CLICK_ELEMENT)\n        self       = <selenium.webdriver.remote.webelement.WebElement (session=\"12dd085853c5dd2691c3da64d8caae28\", element=\"61df1e65-197f-4c29-b49d-0c7238cfeda2\")>\n/Library/Frameworks/Python.framework/Versions/3.10/lib/python3.10/site-packages/selenium/webdriver/remote/webelement.py:396: in _execute\n    return self._parent.execute(command, params)\n        command    = 'clickElement'\n        params     = {'id': '61df1e65-197f-4c29-b49d-0c7238cfeda2', 'sessionId': '12dd085853c5dd2691c3da64d8caae28'}\n        self       = <selenium.webdriver.remote.webelement.WebElement (session=\"12dd085853c5dd2691c3da64d8caae28\", element=\"61df1e65-197f-4c29-b49d-0c7238cfeda2\")>\n/Library/Frameworks/Python.framework/Versions/3.10/lib/python3.10/site-packages/selenium/webdriver/remote/webdriver.py:429: in execute\n    self.error_handler.check_response(response)\n        driver_command = 'clickElement'\n        params     = {'id': '61df1e65-197f-4c29-b49d-0c7238cfeda2'}\n        response   = {'status': 400, 'value': '{\"value\":{\"error\":\"element click intercepted\",\"message\":\"element click intercepted: Element ...ff81d27f4e1 _pthread_start + 125\\\\n24  libsystem_pthread.dylib             0x00007ff81d27af6b thread_start + 15\\\\n\"}}'}\n        self       = <selenium.webdriver.chrome.webdriver.WebDriver (session=\"12dd085853c5dd2691c3da64d8caae28\")>\n/Library/Frameworks/Python.framework/Versions/3.10/lib/python3.10/site-packages/selenium/webdriver/remote/errorhandler.py:243: in check_response\n    raise exception_class(message, screen, stacktrace)\nE   selenium.common.exceptions.ElementClickInterceptedException: Message: element click intercepted: Element <a href=\"https://test.qa.studio?products_group=sale\" class=\"tab-sale \">...</a> is not clickable at point (549, 520). Other element would receive the click: <div class=\"catalog-toolbar-tabs__content\">...</div>\nE     (Session info: chrome=106.0.5249.119)\nE   Stacktrace:\nE   0   chromedriver                        0x000000010137d598 chromedriver + 4404632\nE   1   chromedriver                        0x0000000101304fa3 chromedriver + 3911587\nE   2   chromedriver                        0x0000000100fb1e6a chromedriver + 425578\nE   3   chromedriver                        0x0000000100ff1644 chromedriver + 685636\nE   4   chromedriver                        0x0000000100fef0af chromedriver + 676015\nE   5   chromedriver                        0x0000000100fec6a4 chromedriver + 665252\nE   6   chromedriver                        0x0000000100feb3af chromedriver + 660399\nE   7   chromedriver                        0x0000000100fdec51 chromedriver + 609361\nE   8   chromedriver                        0x0000000101007da2 chromedriver + 777634\nE   9   chromedriver                        0x0000000100fde465 chromedriver + 607333\nE   10  chromedriver                        0x0000000101007efe chromedriver + 777982\nE   11  chromedriver                        0x000000010101ef79 chromedriver + 872313\nE   12  chromedriver                        0x0000000101007bd3 chromedriver + 777171\nE   13  chromedriver                        0x0000000100fdcced chromedriver + 601325\nE   14  chromedriver                        0x0000000100fdde51 chromedriver + 605777\nE   15  chromedriver                        0x000000010134d0ce chromedriver + 4206798\nE   16  chromedriver                        0x0000000101351797 chromedriver + 4224919\nE   17  chromedriver                        0x0000000101358a4f chromedriver + 4254287\nE   18  chromedriver                        0x00000001013524da chromedriver + 4228314\nE   19  chromedriver                        0x000000010132b23f chromedriver + 4067903\nE   20  chromedriver                        0x000000010136f6a8 chromedriver + 4347560\nE   21  chromedriver                        0x000000010136f816 chromedriver + 4347926\nE   22  chromedriver                        0x00000001013848fe chromedriver + 4434174\nE   23  libsystem_pthread.dylib             0x00007ff81d27f4e1 _pthread_start + 125\nE   24  libsystem_pthread.dylib             0x00007ff81d27af6b thread_start + 15\n        exception_class = <class 'selenium.common.exceptions.ElementClickInterceptedException'>\n        json       = <module 'json' from '/Library/Frameworks/Python.framework/Versions/3.10/lib/python3.10/json/__init__.py'>\n        message    = 'element click intercepted: Element <a href=\"https://test.qa.studio?products_group=sale\" class=\"tab-sale \">...</a> is ...would receive the click: <div class=\"catalog-toolbar-tabs__content\">...</div>\\n  (Session info: chrome=106.0.5249.119)'\n        response   = {'status': 400, 'value': '{\"value\":{\"error\":\"element click intercepted\",\"message\":\"element click intercepted: Element ...ff81d27f4e1 _pthread_start + 125\\\\n24  libsystem_pthread.dylib             0x00007ff81d27af6b thread_start + 15\\\\n\"}}'}\n        screen     = None\n        self       = <selenium.webdriver.remote.errorhandler.ErrorHandler object at 0x109174eb0>\n        st_value   = '0   chromedriver                        0x000000010137d598 chromedriver + 4404632\\n1   chromedriver                  ...x00007ff81d27f4e1 _pthread_start + 125\\n24  libsystem_pthread.dylib             0x00007ff81d27af6b thread_start + 15\\n'\n        stacktrace = ['0   chromedriver                        0x000000010137d598 chromedriver + 4404632', '1   chromedriver               ...fef0af chromedriver + 676015', '5   chromedriver                        0x0000000100fec6a4 chromedriver + 665252', ...]\n        status     = 'element click intercepted'\n        value      = {'error': 'element click intercepted', 'message': 'element click intercepted: Element <a href=\"https://test.qa.studio?...00007ff81d27f4e1 _pthread_start + 125\\n24  libsystem_pthread.dylib             0x00007ff81d27af6b thread_start + 15\\n'}\n        value_json = '{\"value\":{\"error\":\"element click intercepted\",\"message\":\"element click intercepted: Element \\\\u003Ca href=\\\\\"https://...7ff81d27f4e1 _pthread_start + 125\\\\n24  libsystem_pthread.dylib             0x00007ff81d27af6b thread_start + 15\\\\n\"}}'"}, "description": "\n    Test case TC-2\n    ", "start": 1666417044694, "stop": 1666417051427, "uuid": "ea87f391-0c3b-4d04-a04e-c9e2631a1f3b", "historyId": "8eb1597fbc3a721fe9415865d2ff840c", "testCaseId": "661b4d561aa9283d092c863c736f17f8", "fullName": "test_shop#test_products_group", "labels": [{"name": "tag", "value": "@pytest.mark.xfail(reason='Wait for fix bug')"}, {"name": "suite", "value": "test_shop"}, {"name": "host", "value": "MacBook-Guzel.local"}, {"name": "thread", "value": "1318-MainThread"}, {"name": "framework", "value": "pytest"}, {"name": "language", "value": "cpython3"}, {"name": "package", "value": "test_shop"}]}