{"name": "test_right_way", "status": "broken", "statusDetails": {"message": "selenium.common.exceptions.TimeoutException: Message:", "trace": "test_shop.py:89: in test_right_way\n    WebDriverWait(browser, timeout=10, poll_frequency=1).until(\n        browser    = <selenium.webdriver.chrome.webdriver.WebDriver (session=\"d3d09fb9107f666f1363099dc5226fe2\")>\n        cart_is_visible = 'block'\n        product    = <selenium.webdriver.remote.webelement.WebElement (session=\"d3d09fb9107f666f1363099dc5226fe2\", element=\"17b50dcb-550e-4323-9235-92b6fd4a96ae\")>\n/Library/Frameworks/Python.framework/Versions/3.10/lib/python3.10/site-packages/selenium/webdriver/support/wait.py:90: in until\n    raise TimeoutException(message, screen, stacktrace)\nE   selenium.common.exceptions.TimeoutException: Message:\n        end_time   = 1345.766641134\n        message    = ''\n        method     = <function url_to_be.<locals>._predicate at 0x104d5f640>\n        screen     = None\n        self       = <selenium.webdriver.support.wait.WebDriverWait (session=\"d3d09fb9107f666f1363099dc5226fe2\")>\n        stacktrace = None\n        value      = False"}, "description": "\n    Test case TC-4\n    ", "start": 1666416913900, "stop": 1666416931811, "uuid": "decb99ec-6cc5-4383-bcc4-43e93220563e", "historyId": "c8eb5ad197845d65ef7347b5bd720584", "testCaseId": "a124e1ba6816a38413edbbce37a7c035", "fullName": "test_shop#test_right_way", "labels": [{"name": "suite", "value": "test_shop"}, {"name": "host", "value": "MacBook-Guzel.local"}, {"name": "thread", "value": "1211-MainThread"}, {"name": "framework", "value": "pytest"}, {"name": "language", "value": "cpython3"}, {"name": "package", "value": "test_shop"}]}